12:49:56:660 [http-nio-8080-exec-2] INFO  l.i.s.controller.HealthController - Spring POS API is running
11:09:05:309 [http-nio-8080-exec-1] INFO  l.i.s.controller.HealthController - Customer saved : CustomerDTO(customerId=C001, firstName=Sandun, lastName=Dilshan, name=Sandun Dilshan, address=Galle, email=sandun@gmail.com, mobile=762357995, lastUpdatedAt=2024-10-05T11:09:05.102276300)
16:49:27:657 [http-nio-8080-exec-5] INFO  l.i.s.controller.HealthController - Customer saved : CustomerDTO(customerId=C002, firstName=test, lastName=data, name=test data, address=Galle, email=test@gmail.com, mobile=112345678, lastUpdatedAt=2024-10-05T16:49:27.510102900)
17:12:49:961 [http-nio-8080-exec-15] INFO  l.i.s.controller.HealthController - Customer updated : CustomerDTO(customerId=null, firstName=Sandun, lastName=Dilshan, name=null, address=Colombo, email=sandun@gmail.com, mobile=762357995, lastUpdatedAt=null)
17:22:58:123 [http-nio-8080-exec-3] INFO  l.i.s.controller.HealthController - Customer deleted : C001
17:24:11:581 [http-nio-8080-exec-5] INFO  l.i.s.controller.HealthController - Customer saved : CustomerDTO(customerId=C003, firstName=Sandun, lastName=Dilshan, name=Sandun Dilshan, address=Galle, email=sandun@gmail.com, mobile=762357995, lastUpdatedAt=2024-10-05T17:24:11.483828)
22:02:06:056 [http-nio-8080-exec-3] INFO  l.i.s.controller.ItemController - Item updated : ItemDTO(itemCode=null, category=soap, unitPrice=180.0, qtyOnHand=50, registerDate=null, expireDate=2025-10-05)
22:10:19:269 [http-nio-8080-exec-1] INFO  l.i.s.controller.ItemController - Item deleted : I001
18:00:03:844 [http-nio-8080-exec-2] INFO  l.i.s.controller.ItemController - Item saved : ItemDTO(itemCode=I003, category=buiscut, unitPrice=150.0, qtyOnHand=50, registerDate=2024-10-07, expireDate=2025-10-05)
18:38:36:707 [http-nio-8080-exec-1] INFO  l.i.s.controller.OrderController - Order saved : OrderDTO(orderId=O001, customerId=C002, orderDetails=[OrderDetailDTO(orderId=null, itemCode=I002, qty=2, unitPrice=200.0, total=0.0), OrderDetailDTO(orderId=null, itemCode=I002, qty=5, unitPrice=50.0, total=0.0)], orderDateTime=2024-10-07T18:38:36.430667800, total=650.0, paymentMethod=cash)
18:49:46:648 [http-nio-8080-exec-4] INFO  l.i.s.controller.OrderController - Order saved : OrderDTO(orderId=O002, customerId=C002, orderDetails=[OrderDetailDTO(orderId=null, itemCode=I002, qty=2, unitPrice=200.0, total=0.0), OrderDetailDTO(orderId=null, itemCode=I002, qty=5, unitPrice=50.0, total=0.0)], orderDateTime=2024-10-07T18:49:46.361599800, total=650.0, paymentMethod=cash)
19:01:41:691 [http-nio-8080-exec-4] INFO  l.i.s.controller.OrderController - Order saved : OrderDTO(orderId=O004, customerId=C002, orderDetails=[OrderDetailDTO(orderId=null, itemCode=I002, qty=2, unitPrice=200.0, total=0.0), OrderDetailDTO(orderId=null, itemCode=I003, qty=5, unitPrice=50.0, total=0.0)], orderDateTime=2024-10-07T19:01:41.510737400, total=650.0, paymentMethod=cash)
19:01:55:562 [http-nio-8080-exec-3] INFO  l.i.s.controller.OrderController - Order saved : OrderDTO(orderId=O005, customerId=C002, orderDetails=[OrderDetailDTO(orderId=null, itemCode=I002, qty=2, unitPrice=200.0, total=0.0), OrderDetailDTO(orderId=null, itemCode=I003, qty=7, unitPrice=50.0, total=0.0)], orderDateTime=2024-10-07T19:01:55.534476500, total=750.0, paymentMethod=cash)
21:23:17:040 [http-nio-8080-exec-1] INFO  l.i.s.controller.OrderController - Order saved : OrderDTO(orderId=O006, customerId=C002, orderDetails=[OrderDetailDTO(orderId=null, itemCode=I002, qty=2, unitPrice=200.0, total=0.0), OrderDetailDTO(orderId=null, itemCode=I003, qty=7, unitPrice=50.0, total=0.0)], orderDateTime=2024-10-07T21:23:15.650958300, total=750.0, paymentMethod=cash)
23:20:52:695 [http-nio-8080-exec-2] ERROR o.h.e.jdbc.spi.SqlExceptionHelper - Duplicate entry 'sandun@gmail.com' for key 'customers.UKrfbvkrffamfql7cjmen8v976v'
23:20:52:867 [http-nio-8080-exec-2] ERROR l.i.s.controller.CustomerController - could not execute statement [Duplicate entry 'sandun@gmail.com' for key 'customers.UKrfbvkrffamfql7cjmen8v976v'] [insert into customers (address,email,lastUpdatedAt,mobile,name,customerId) values (?,?,?,?,?,?)]; SQL [insert into customers (address,email,lastUpdatedAt,mobile,name,customerId) values (?,?,?,?,?,?)]; constraint [customers.UKrfbvkrffamfql7cjmen8v976v]
23:21:19:501 [http-nio-8080-exec-4] ERROR o.h.e.jdbc.spi.SqlExceptionHelper - Duplicate entry '762357995' for key 'customers.UKcuu4e61wdwoopdgsh61owqq2f'
23:21:19:509 [http-nio-8080-exec-4] ERROR l.i.s.controller.CustomerController - could not execute statement [Duplicate entry '762357995' for key 'customers.UKcuu4e61wdwoopdgsh61owqq2f'] [insert into customers (address,email,lastUpdatedAt,mobile,name,customerId) values (?,?,?,?,?,?)]; SQL [insert into customers (address,email,lastUpdatedAt,mobile,name,customerId) values (?,?,?,?,?,?)]; constraint [customers.UKcuu4e61wdwoopdgsh61owqq2f]
23:21:48:258 [http-nio-8080-exec-6] INFO  l.i.s.controller.CustomerController - Customer saved : CustomerDTO(customerId=C004, firstName=S, lastName=D, name=S D, address=Galle, email=san@gmail.com, mobile=762357996, lastUpdatedAt=2024-10-09T23:21:48.131305700)
23:22:21:533 [http-nio-8080-exec-9] INFO  l.i.s.controller.CustomerController - Customer deleted : C004
23:33:16:325 [http-nio-8080-exec-10] INFO  l.i.s.controller.CustomerController - Customer saved : CustomerDTO(customerId=C004, firstName=udara, lastName=san, name=udara san, address=Galle, email=san@gmail.com, mobile=762357996, lastUpdatedAt=2024-10-09T23:33:15.524904300)
23:46:23:300 [http-nio-8080-exec-11] INFO  l.i.s.controller.ItemController - Item saved : ItemDTO(itemCode=I004, category=Soap, unitPrice=100.0, qtyOnHand=20, registerDate=2024-10-09, expireDate=2025-10-05)
23:47:10:744 [http-nio-8080-exec-15] INFO  l.i.s.controller.ItemController - Item saved : ItemDTO(itemCode=I005, category=Soap, unitPrice=100.0, qtyOnHand=0, registerDate=2024-10-09, expireDate=2025-10-05)
23:49:45:529 [http-nio-8080-exec-5] INFO  l.i.s.controller.ItemController - Item saved : ItemDTO(itemCode=I006, category=Soap, unitPrice=100.0, qtyOnHand=1, registerDate=2024-10-09, expireDate=2025-10-05)
23:50:06:352 [http-nio-8080-exec-7] INFO  l.i.s.controller.ItemController - Item deleted : I006
23:50:10:921 [http-nio-8080-exec-8] INFO  l.i.s.controller.ItemController - Item deleted : I005
23:55:49:123 [http-nio-8080-exec-2] INFO  l.i.s.controller.OrderController - Order saved : OrderDTO(orderId=O007, customerId=C002, orderDetails=[OrderDetailDTO(orderId=null, itemCode=I002, qty=2, unitPrice=200.0, total=0.0), OrderDetailDTO(orderId=null, itemCode=I003, qty=7, unitPrice=50.0, total=0.0)], orderDateTime=2024-10-09T23:55:48.036784900, total=750.0, paymentMethod=card)
22:02:44:394 [http-nio-8080-exec-21] INFO  l.i.s.controller.CustomerController - Customer saved : CustomerDTO(customerId=C005, firstName=ajax, lastName=jquery, name=ajax jquery, address=java script, email=ajaxjquery@gmail.com, mobile=789645368, lastUpdatedAt=2024-10-11T22:02:44.154463500)
23:44:06:507 [http-nio-8080-exec-15] INFO  l.i.s.controller.CustomerController - Customer deleted : C002
12:17:51:213 [http-nio-8080-exec-5] INFO  l.i.s.controller.CustomerController - Customer updated : CustomerDTO(customerId=null, firstName=udara, lastName=sandun, name=null, address=Galle, email=san@gmail.com, mobile=762357996, lastUpdatedAt=null)
12:18:45:485 [http-nio-8080-exec-3] INFO  l.i.s.controller.CustomerController - Customer updated : CustomerDTO(customerId=null, firstName=ajax, lastName=java, name=null, address=java script, email=ajaxjquery@gmail.com, mobile=789645368, lastUpdatedAt=null)
12:19:29:285 [http-nio-8080-exec-5] INFO  l.i.s.controller.CustomerController - Customer updated : CustomerDTO(customerId=null, firstName=ajax, lastName=java, name=null, address=java script, email=ajax@gmail.com, mobile=789645368, lastUpdatedAt=null)
12:19:48:519 [http-nio-8080-exec-7] INFO  l.i.s.controller.CustomerController - Customer updated : CustomerDTO(customerId=null, firstName=ajax, lastName=java, name=null, address=java script, email=ajax@gmail.com, mobile=789645368, lastUpdatedAt=null)
12:20:07:332 [http-nio-8080-exec-9] INFO  l.i.s.controller.CustomerController - Customer updated : CustomerDTO(customerId=null, firstName=ajax, lastName=java, name=null, address=python, email=ajax@gmail.com, mobile=789645368, lastUpdatedAt=null)
12:20:32:381 [http-nio-8080-exec-1] INFO  l.i.s.controller.CustomerController - Customer updated : CustomerDTO(customerId=null, firstName=ajax, lastName=java, name=null, address=python, email=testajax@gmail.com, mobile=789645368, lastUpdatedAt=null)
12:20:51:104 [http-nio-8080-exec-3] INFO  l.i.s.controller.CustomerController - Customer updated : CustomerDTO(customerId=null, firstName=ajax, lastName=java, name=null, address=python, email=testajax@gmail.com, mobile=789645370, lastUpdatedAt=null)
12:21:11:487 [http-nio-8080-exec-6] INFO  l.i.s.controller.CustomerController - Customer updated : CustomerDTO(customerId=null, firstName=udara, lastName=sandun, name=null, address=Galle, email=sandun@gmail.com, mobile=762357996, lastUpdatedAt=null)
12:24:08:997 [http-nio-8080-exec-10] INFO  l.i.s.controller.CustomerController - Customer updated : CustomerDTO(customerId=null, firstName=ajax, lastName=java, name=null, address=python, email=ajax@gmail.com, mobile=789645370, lastUpdatedAt=null)
12:33:01:255 [http-nio-8080-exec-19] INFO  l.i.s.controller.CustomerController - Customer updated : CustomerDTO(customerId=null, firstName=ajax, lastName=java, name=null, address=python, email=ajax@gmail.com, mobile=789645370, lastUpdatedAt=null)
12:33:43:003 [http-nio-8080-exec-15] INFO  l.i.s.controller.CustomerController - Customer updated : CustomerDTO(customerId=null, firstName=ajax, lastName=java, name=null, address=ijsegalle, email=ajax@gmail.com, mobile=789645370, lastUpdatedAt=null)
16:54:17:618 [http-nio-8080-exec-9] INFO  l.i.s.controller.CustomerController - Customer updated : CustomerDTO(customerId=null, firstName=ajax, lastName=java, name=null, address=ijse panadura, email=ajax@gmail.com, mobile=789645370, lastUpdatedAt=null)
16:54:38:185 [http-nio-8080-exec-4] INFO  l.i.s.controller.CustomerController - Customer deleted : C005
17:00:52:766 [http-nio-8080-exec-9] INFO  l.i.s.controller.CustomerController - Customer saved : CustomerDTO(customerId=C005, firstName=ajax, lastName=jquery, name=ajax jquery, address=java script, email=ajaxjquery@gmail.com, mobile=754562982, lastUpdatedAt=2024-10-12T17:00:52.686911200)
17:08:53:511 [http-nio-8080-exec-14] INFO  l.i.s.controller.CustomerController - Customer deleted : C005
17:10:28:829 [http-nio-8080-exec-13] INFO  l.i.s.controller.CustomerController - Customer saved : CustomerDTO(customerId=C005, firstName=ajax, lastName=jquery, name=ajax jquery, address=javascript, email=ajax@gmail.com, mobile=762357555, lastUpdatedAt=2024-10-12T17:10:28.645162800)
17:10:53:206 [http-nio-8080-exec-16] INFO  l.i.s.controller.CustomerController - Customer deleted : C005
17:15:14:517 [http-nio-8080-exec-2] INFO  l.i.s.controller.CustomerController - Customer saved : CustomerDTO(customerId=C005, firstName=ajax, lastName=jquery, name=ajax jquery, address=javascript, email=ajax@gmail.com, mobile=762357555, lastUpdatedAt=2024-10-12T17:15:14.267397)
17:15:39:000 [http-nio-8080-exec-5] INFO  l.i.s.controller.CustomerController - Customer deleted : C005
17:16:11:878 [http-nio-8080-exec-8] INFO  l.i.s.controller.CustomerController - Customer saved : CustomerDTO(customerId=C005, firstName=ajax, lastName=jquery, name=ajax jquery, address=java script, email=ajaxjquery@gmail.com, mobile=115498750, lastUpdatedAt=2024-10-12T17:16:11.835522500)
17:20:21:337 [http-nio-8080-exec-4] INFO  l.i.s.controller.CustomerController - Customer deleted : C005
17:20:43:273 [http-nio-8080-exec-9] INFO  l.i.s.controller.CustomerController - Customer saved : CustomerDTO(customerId=C005, firstName=ajax, lastName=jquery, name=ajax jquery, address=java script, email=ajaxjquery@gmail.com, mobile=785632147, lastUpdatedAt=2024-10-12T17:20:43.259020300)
17:23:15:191 [http-nio-8080-exec-9] INFO  l.i.s.controller.CustomerController - Customer updated : CustomerDTO(customerId=null, firstName=ajax, lastName=jquery, name=null, address=java script, email=ajaxjquery@gmail.com, mobile=785632147, lastUpdatedAt=null)
17:23:38:210 [http-nio-8080-exec-3] INFO  l.i.s.controller.CustomerController - Customer updated : CustomerDTO(customerId=null, firstName=ajax, lastName=jquery, name=null, address=java native, email=ajaxjquery@gmail.com, mobile=785632147, lastUpdatedAt=null)
17:23:52:445 [http-nio-8080-exec-4] INFO  l.i.s.controller.CustomerController - Customer updated : CustomerDTO(customerId=null, firstName=ajax, lastName=jquery, name=null, address=java native, email=ajaxnative@gmail.com, mobile=785632147, lastUpdatedAt=null)
17:24:19:436 [http-nio-8080-exec-10] INFO  l.i.s.controller.CustomerController - Customer deleted : C005
17:29:41:902 [http-nio-8080-exec-1] INFO  l.i.s.controller.CustomerController - Customer saved : CustomerDTO(customerId=C005, firstName=ajax, lastName=jquery, name=ajax jquery, address=java script, email=ajaxjquery@gmail.com, mobile=115698321, lastUpdatedAt=2024-10-12T17:29:41.881613200)
17:30:03:129 [http-nio-8080-exec-6] INFO  l.i.s.controller.CustomerController - Customer deleted : C005
17:31:50:621 [http-nio-8080-exec-6] INFO  l.i.s.controller.CustomerController - Customer saved : CustomerDTO(customerId=C005, firstName=ajax, lastName=jquery, name=ajax jquery, address=java script, email=ajaxjquery@gmail.com, mobile=124569873, lastUpdatedAt=2024-10-12T17:31:50.589092200)
17:32:28:343 [http-nio-8080-exec-5] INFO  l.i.s.controller.CustomerController - Customer deleted : C005
17:34:34:696 [http-nio-8080-exec-2] INFO  l.i.s.controller.CustomerController - Customer saved : CustomerDTO(customerId=C005, firstName=ajax, lastName=jquery, name=ajax jquery, address=java script, email=ajaxjquery@gmail.com, mobile=785632147, lastUpdatedAt=2024-10-12T17:34:34.674307300)
17:34:46:666 [http-nio-8080-exec-5] INFO  l.i.s.controller.CustomerController - Customer deleted : C005
17:35:20:074 [http-nio-8080-exec-9] INFO  l.i.s.controller.CustomerController - Customer saved : CustomerDTO(customerId=C005, firstName=ajax, lastName=jquery, name=ajax jquery, address=java script, email=ajaxjquery@gmail.com, mobile=789524687, lastUpdatedAt=2024-10-12T17:35:19.993446500)
17:35:29:096 [http-nio-8080-exec-2] INFO  l.i.s.controller.CustomerController - Customer deleted : C005
17:42:52:283 [http-nio-8080-exec-3] INFO  l.i.s.controller.CustomerController - Customer saved : CustomerDTO(customerId=C005, firstName=ajax, lastName=jquery, name=ajax jquery, address=java script, email=ajaxjquery@gmail.com, mobile=784565258, lastUpdatedAt=2024-10-12T17:42:52.263750300)
17:57:28:031 [http-nio-8080-exec-2] INFO  l.i.s.controller.CustomerController - Customer deleted : C005
17:58:29:527 [http-nio-8080-exec-10] INFO  l.i.s.controller.CustomerController - Customer saved : CustomerDTO(customerId=C005, firstName=ajax, lastName=jquery, name=ajax jquery, address=java script, email=ajaxjquery@gmail.com, mobile=789514632, lastUpdatedAt=2024-10-12T17:58:29.510877700)
18:16:13:825 [http-nio-8080-exec-1] INFO  l.i.s.controller.CustomerController - Customer deleted : C005
18:16:33:368 [http-nio-8080-exec-4] INFO  l.i.s.controller.CustomerController - Customer saved : CustomerDTO(customerId=C005, firstName=ajax, lastName=jquery, name=ajax jquery, address=java script, email=ajaxjquery@gmail.com, mobile=785236598, lastUpdatedAt=2024-10-12T18:16:33.124353100)
18:21:17:381 [http-nio-8080-exec-10] INFO  l.i.s.controller.CustomerController - Customer deleted : C005
18:21:37:352 [http-nio-8080-exec-3] INFO  l.i.s.controller.CustomerController - Customer saved : CustomerDTO(customerId=C005, firstName=ajax, lastName=jquery, name=ajax jquery, address=java script, email=ajaxjquery@gmail.com, mobile=786549325, lastUpdatedAt=2024-10-12T18:21:37.303715300)
18:23:08:243 [http-nio-8080-exec-10] INFO  l.i.s.controller.CustomerController - Customer updated : CustomerDTO(customerId=null, firstName=ajax, lastName=jquery, name=null, address=java spring, email=ajaxjquery@gmail.com, mobile=786549325, lastUpdatedAt=null)
18:31:14:708 [http-nio-8080-exec-8] INFO  l.i.s.controller.CustomerController - Customer deleted : C005
18:34:42:346 [http-nio-8080-exec-2] INFO  l.i.s.controller.CustomerController - Customer saved : CustomerDTO(customerId=C005, firstName=ajax, lastName=jquery, name=ajax jquery, address=java script, email=ajaxjquery@gmail.com, mobile=786541236, lastUpdatedAt=2024-10-12T18:34:42.319103800)
18:38:00:293 [http-nio-8080-exec-1] INFO  l.i.s.controller.CustomerController - Customer updated : CustomerDTO(customerId=null, firstName=ajax, lastName=jquery, name=null, address=ijsegalle, email=ajaxjquery@gmail.com, mobile=786541236, lastUpdatedAt=null)
21:33:14:164 [http-nio-8080-exec-6] INFO  l.i.s.controller.ItemController - Item saved : ItemDTO(itemCode=I005, category=Noodles, unitPrice=300.0, qtyOnHand=10, registerDate=2024-10-14, expireDate=2024-11-09)
22:07:15:893 [http-nio-8080-exec-2] INFO  l.i.s.controller.ItemController - Item updated : ItemDTO(itemCode=null, category=Noodles, unitPrice=350.0, qtyOnHand=50, registerDate=null, expireDate=2025-10-05)
22:14:14:738 [http-nio-8080-exec-1] INFO  l.i.s.controller.ItemController - Item updated : ItemDTO(itemCode=null, category=Noodles, unitPrice=300.0, qtyOnHand=50, registerDate=null, expireDate=2025-10-05)
22:14:35:094 [http-nio-8080-exec-8] INFO  l.i.s.controller.ItemController - Item updated : ItemDTO(itemCode=null, category=Sugar, unitPrice=150.0, qtyOnHand=60, registerDate=null, expireDate=2025-10-05)
22:20:25:041 [http-nio-8080-exec-2] INFO  l.i.s.controller.ItemController - Item deleted : I005
22:20:52:892 [http-nio-8080-exec-9] INFO  l.i.s.controller.ItemController - Item updated : ItemDTO(itemCode=null, category=Soap, unitPrice=100.0, qtyOnHand=40, registerDate=null, expireDate=2025-10-05)
22:27:15:792 [http-nio-8080-exec-8] INFO  l.i.s.controller.ItemController - Item updated : ItemDTO(itemCode=null, category=Soap, unitPrice=100.0, qtyOnHand=20, registerDate=null, expireDate=2025-10-05)
21:50:54:489 [http-nio-8080-exec-6] INFO  l.i.s.controller.OrderController - Order saved : OrderDTO(orderId=O001, customerId=C003, orderDetails=[OrderDetailDTO(orderId=null, itemCode=I002, qty=2, unitPrice=200.0, total=0.0), OrderDetailDTO(orderId=null, itemCode=I003, qty=7, unitPrice=50.0, total=0.0)], orderDateTime=2024-10-15T21:50:53.421234600, total=750.0, paymentMethod=cash)
21:52:33:513 [http-nio-8080-exec-8] INFO  l.i.s.controller.OrderController - Order saved : OrderDTO(orderId=O002, customerId=C003, orderDetails=[OrderDetailDTO(orderId=null, itemCode=I002, qty=2, unitPrice=300.0, total=0.0)], orderDateTime=2024-10-15T21:52:33.437102800, total=600.0, paymentMethod=cash)
22:03:17:062 [http-nio-8080-exec-9] INFO  l.i.s.controller.OrderController - Order saved : OrderDTO(orderId=O003, customerId=C005, orderDetails=[OrderDetailDTO(orderId=null, itemCode=I002, qty=1, unitPrice=300.0, total=0.0)], orderDateTime=2024-10-15T22:03:16.767279900, total=300.0, paymentMethod=card)
